<div class="chatlog__message-group">
  <div id="chatlog__message-container-1472758078150545549" class="chatlog__message-container" data-message-id="1472758078150545549">
    <div class="chatlog__message">
      <div class="chatlog__message-aside">
        <div class="chatlog__reply-symbol"></div><img class="chatlog__avatar" src="https://cdn.discordapp.com/avatars/1358329693064925434/befa9943720ff623e6565c62a94f49a8.png?size=512" alt="Avatar" loading="lazy">
      </div>
      <div class="chatlog__message-primary">
        <div class="chatlog__reply"><img class="chatlog__reply-avatar" src="https://cdn.discordapp.com/avatars/310258733890535426/8fffd5befbc057dcd546b39b0259e66a.png?size=512" alt="Avatar" loading="lazy">
          <div class="chatlog__reply-author" title="iceman5499">Iceman</div>
          <div class="chatlog__reply-content"><span class="chatlog__reply-link" onclick="scrollToMessage(event,'1472758073964888085')"> <span class="chatlog__markdown-mention" title="swift62#4090">@swift-6.2.3</span> <code class="chatlog__markdown-pre chatlog__markdown-pre--multiline language-swift">print(Builtin._isOptional(Int.self)) print(Builtin._isOptional(Int?.self)) print(Builtin._isOptional((() -&gt; Void)?.self))</code> </span></div>
        </div>
        <div class="chatlog__header"><span class="chatlog__author" style="color:rgb(52,152,219)" title="swift62#4090" data-user-id="1358329693064925434">swift62</span> <span class="chatlog__author-tag">BOT</span> <a href="/channels/430242233468452865?category=main&amp;channel=swiftbot-sandbox&amp;message_id=1472758078150545549"><span class="chatlog__timestamp" title="Monday, February 16, 2026 12:54 AM"></span></a><a href="#chatlog__message-container-1472758078150545549">2/16/2026 12:54 AM</a></div>
        <div class="chatlog__content chatlog__markdown"><span class="chatlog__markdown-preserve">exit status 1 with stderr:<code class="chatlog__markdown-pre chatlog__markdown-pre--multiline nohighlight">&lt;stdin&gt;:1:7: error: cannot find 'Builtin' in scope 1 | print(Builtin._isOptional(Int.self)) | `- error: cannot find 'Builtin' in scope 2 | print(Builtin._isOptional(Int?.self)) 3 | print(Builtin._isOptional((() -&gt; Void)?.self)) &lt;stdin&gt;:2:7: error: cannot find 'Builtin' in scope 1 | print(Builtin._isOptional(Int.self)) 2 | print(Builtin._isOptional(Int?.self)) | `- error: cannot find 'Builtin' in scope 3 | print(Builtin._isOptional((() -&gt; Void)?.self)) 4 | &lt;stdin&gt;:3:7: error: cannot find 'Builtin' in scope 1 | print(Builtin._isOptional(Int.self)) 2 | print(Builtin._isOptional(Int?.self)) 3 | print(Builtin._isOptional((() -&gt; Void)?.self)) | `- error: cannot find 'Builtin' in scope 4 | </code></span></div>
      </div>
    </div>
  </div>
</div>