<div class="chatlog__message-group">
  <div class="chatlog__author-avatar-container">
    <img class="chatlog__author-avatar" src="https://cdn.discordapp.com/avatars/338302215078936576/2f0f5d2880a9a7bdc037652fbade2e9a.png?size=128" alt="Avatar" loading="lazy">
  </div>
  <div class="chatlog__messages">
    <span class="chatlog__author-name" title="hironytic#5238" data-user-id="338302215078936576" style="color: rgb(241,196,15)">hironytic</span>
    <span class="chatlog__timestamp">31-May-19 06:59 AM</span>
    <div class="chatlog__message " data-message-id="583912404790935563" id="message-583912404790935563" title="Message sent: 31-May-19 06:59 AM">
      <div class="chatlog__content">
        <div class="markdown">
          <span class="preserve-whitespace">あれ、 --jobs 1でも、実は途中でビルドコケてる気がしてきた。↓最後の部分 <div class="pre pre--multiline nohighlight">******************** Testing Time: 1232.07s ******************** Failing Tests (4): Swift(linux-x86_64) :: ParseableInterface/ModuleCache/force-module-loading-mode-archs.swift Swift(linux-x86_64) :: Index/Store/output-failure.swift Swift(linux-x86_64) :: ParseableInterface/ModuleCache/force-module-loading-mode-framework.swift Swift(linux-x86_64) :: ParseableInterface/ModuleCache/force-module-loading-mode.swift Expected Passes : 4104 Expected Failures : 22 Unsupported Tests : 1124 Unexpected Failures: 4 2 warning(s) in tests. FAILED: test/CMakeFiles/check-swift-linux-x86_64 cd /root/swift-source/build/Ninja-ReleaseAssert/swift-linux-x86_64/test &amp;&amp; /usr/bin/cmake -E remove_directory /root/swift-source/build/Ninja-ReleaseAssert/swift-linux-x86_64/./swift-test-results/x86_64-unknown-linux-gnu &amp;&amp; /usr/bin/cmake -E make_directory /root/swift-source/build/Ninja-ReleaseAssert/swift-linux-x86_64/./swift-test-results/x86_64-unknown-linux-gnu &amp;&amp; /usr/bin/python /root/swift-source/llvm/utils/lit/lit.py --incremental -sv --xunit-xml-output=/root/swift-source/build/Ninja-ReleaseAssert/swift-linux-x86_64/./swift-test-results/x86_64-unknown-linux-gnu/lit-tests.xml --param swift_test_subset=primary --param swift_test_mode=optimize_none /root/swift-source/build/Ninja-ReleaseAssert/swift-linux-x86_64/test-linux-x86_64 ninja: build stopped: subcommand failed. utils/build-script: fatal error: command terminated with a non-zero exit status 1, aborting</div></span>
        </div>
      </div>
    </div>
  </div>
</div>