<div class="chatlog__message-group">
  <div id="chatlog__message-container-763088313065799701" class="chatlog__message-container" data-message-id="763088313065799701">
    <div class="chatlog__message">
      <div class="chatlog__message-aside"><img class="chatlog__avatar" src="https://cdn.discordapp.com/avatars/189711109966659584/95280765d1be73ce985dce15ea3585f6.png?size=512" alt="Avatar" loading="lazy"></div>
      <div class="chatlog__message-primary">
        <div class="chatlog__header"><span class="chatlog__author" style="color:rgb(237,171,161)" title="omochimetaru" data-user-id="189711109966659584">omochimetaru</span> <a href="/channels/383442648012423179?category=main&amp;channel=wasm&amp;message_id=763088344023826481"><span class="chatlog__timestamp" title="Tuesday, 06 October 2020 17:20"></span></a><a href="#chatlog__message-container-763088313065799701">10/06/2020 17:20</a></div>
        <div class="chatlog__content chatlog__markdown"><span class="chatlog__markdown-preserve"><code class="chatlog__markdown-pre chatlog__markdown-pre--multiline nohighlight">[omochi@omochi-iMacPro wpkg]$ swift package init --type executable Creating executable package: wpkg Creating Package.swift Creating README.md Creating .gitignore Creating Sources/ Creating Sources/wpkg/main.swift Creating Tests/ Creating Tests/LinuxMain.swift Creating Tests/wpkgTests/ Creating Tests/wpkgTests/wpkgTests.swift Creating Tests/wpkgTests/XCTestManifests.swift [omochi@omochi-iMacPro wpkg]$ open . [omochi@omochi-iMacPro wpkg]$ swift build -c debug --build-tests --destination /Users/omochi/swift/swift-wasm-DEVELOPMENT-SNAPSHOT-2020-10-05-a/usr/wasm32-unknown-wasi.json /Users/omochi/temp/wpkg/Tests/wpkgTests/wpkgTests.swift:20:23: error: cannot find 'Process' in scope let process = Process() ^~~~~~~ /Users/omochi/temp/wpkg/Tests/wpkgTests/wpkgTests.swift:23:20: error: cannot find 'Pipe' in scope let pipe = Pipe() ^~~~ /Users/omochi/temp/wpkg/Tests/wpkgTests/wpkgTests.swift:44:28: error: value of type 'Bundle' has no member 'bundleURL' return Bundle.main.bundleURL ~~~~~~~~~~~ ^~~~~~~~~ [6/9] Compiling wpkgTests XCTestManifests.swift</code></span></div>
      </div>
    </div>
  </div>
  <div id="chatlog__message-container-763088344023826481" class="chatlog__message-container" data-message-id="763088344023826481">
    <div class="chatlog__message">
      <div class="chatlog__message-aside">
        <div class="chatlog__short-timestamp" title="Tuesday, 06 October 2020 17:20">17:20</div>
      </div>
      <div class="chatlog__message-primary">
        <div class="chatlog__content chatlog__markdown"><span class="chatlog__markdown-preserve">完全に空のディレクトリからやりなおしてみたらこうなった</span> <span class="chatlog__edited-timestamp" title="Tuesday, 06 October 2020 17:20">(edited)</span></div>
      </div>
    </div>
  </div>
</div>